
> TheAlankriti-jewells-backend@1.0.0 start
> node server.js

⚠️ Twilio credentials not configured - WhatsApp notifications disabled
🚀 The Alankriti API server running on port 3001
📍 Environment: development
🔗 Health check: http://localhost:3001/health
📊 MongoDB Connected: localhost
::1 - - [01/Sep/2025:12:09:03 +0000] "GET /health HTTP/1.1" 200 85 "-" "curl/8.7.1"
::1 - - [01/Sep/2025:12:09:06 +0000] "GET /uploads/products/product-1756487605339-29195034.png HTTP/1.1" 200 265055 "http://localhost:3000/" "Mozilla/5.0 (Macintosh; Intel Mac OS X 10_15_7) AppleWebKit/605.1.15 (KHTML, like Gecko) Version/18.6 Safari/605.1.15"
::1 - - [01/Sep/2025:12:09:06 +0000] "GET /uploads/products/product-1756486693974-414862012.png HTTP/1.1" 200 265055 "http://localhost:3000/" "Mozilla/5.0 (Macintosh; Intel Mac OS X 10_15_7) AppleWebKit/605.1.15 (KHTML, like Gecko) Version/18.6 Safari/605.1.15"
::1 - - [01/Sep/2025:12:09:07 +0000] "GET /api/auth/me HTTP/1.1" 304 - "http://localhost:3000/" "Mozilla/5.0 (Macintosh; Intel Mac OS X 10_15_7) AppleWebKit/605.1.15 (KHTML, like Gecko) Version/18.6 Safari/605.1.15"
::1 - - [01/Sep/2025:12:09:07 +0000] "GET /api/products?featured=true&limit=4 HTTP/1.1" 304 - "http://localhost:3000/" "Mozilla/5.0 (Macintosh; Intel Mac OS X 10_15_7) AppleWebKit/605.1.15 (KHTML, like Gecko) Version/18.6 Safari/605.1.15"
::1 - - [01/Sep/2025:12:09:58 +0000] "GET /api/products?featured=true&limit=4 HTTP/1.1" 304 - "http://localhost:3000/" "Mozilla/5.0 (Macintosh; Intel Mac OS X 10_15_7) AppleWebKit/605.1.15 (KHTML, like Gecko) Version/18.6 Safari/605.1.15"
::1 - - [01/Sep/2025:12:09:58 +0000] "GET /api/products?featured=true&limit=4 HTTP/1.1" 304 - "http://localhost:3000/" "Mozilla/5.0 (Macintosh; Intel Mac OS X 10_15_7) AppleWebKit/605.1.15 (KHTML, like Gecko) Version/18.6 Safari/605.1.15"
::1 - - [01/Sep/2025:12:09:58 +0000] "GET /uploads/products/product-1756487605339-29195034.png HTTP/1.1" 304 - "http://localhost:3000/" "Mozilla/5.0 (Macintosh; Intel Mac OS X 10_15_7) AppleWebKit/605.1.15 (KHTML, like Gecko) Version/18.6 Safari/605.1.15"
::1 - - [01/Sep/2025:12:09:58 +0000] "GET /uploads/products/product-1756486693974-414862012.png HTTP/1.1" 304 - "http://localhost:3000/" "Mozilla/5.0 (Macintosh; Intel Mac OS X 10_15_7) AppleWebKit/605.1.15 (KHTML, like Gecko) Version/18.6 Safari/605.1.15"
::1 - - [01/Sep/2025:12:10:01 +0000] "GET /api/admin/dashboard?period=30 HTTP/1.1" 304 - "http://localhost:3000/" "Mozilla/5.0 (Macintosh; Intel Mac OS X 10_15_7) AppleWebKit/605.1.15 (KHTML, like Gecko) Version/18.6 Safari/605.1.15"
::1 - - [01/Sep/2025:12:10:04 +0000] "GET /api/admin/products?page=1&limit=12&search=&sortBy=name&sortOrder=asc HTTP/1.1" 304 - "http://localhost:3000/" "Mozilla/5.0 (Macintosh; Intel Mac OS X 10_15_7) AppleWebKit/605.1.15 (KHTML, like Gecko) Version/18.6 Safari/605.1.15"
::1 - - [01/Sep/2025:12:10:05 +0000] "GET /api/admin/orders?page=1&limit=10 HTTP/1.1" 304 - "http://localhost:3000/" "Mozilla/5.0 (Macintosh; Intel Mac OS X 10_15_7) AppleWebKit/605.1.15 (KHTML, like Gecko) Version/18.6 Safari/605.1.15"
::1 - - [01/Sep/2025:12:10:09 +0000] "PUT /api/admin/orders/68b11b5fe4bb22827b4c2396/status HTTP/1.1" 400 28 "http://localhost:3000/" "Mozilla/5.0 (Macintosh; Intel Mac OS X 10_15_7) AppleWebKit/605.1.15 (KHTML, like Gecko) Version/18.6 Safari/605.1.15"
::1 - - [01/Sep/2025:12:10:22 +0000] "GET /api/admin/orders/68b11b5fe4bb22827b4c2396 HTTP/1.1" 304 - "http://localhost:3000/" "Mozilla/5.0 (Macintosh; Intel Mac OS X 10_15_7) AppleWebKit/605.1.15 (KHTML, like Gecko) Version/18.6 Safari/605.1.15"
::1 - - [01/Sep/2025:12:10:58 +0000] "POST /api/admin/orders/68b11b5fe4bb22827b4c2396/send-email HTTP/1.1" 404 36 "http://localhost:3000/" "Mozilla/5.0 (Macintosh; Intel Mac OS X 10_15_7) AppleWebKit/605.1.15 (KHTML, like Gecko) Version/18.6 Safari/605.1.15"
::1 - - [01/Sep/2025:12:11:07 +0000] "GET /api/admin/customers?page=1&limit=12&search=&sortBy=createdAt&sortOrder=desc HTTP/1.1" 304 - "http://localhost:3000/" "Mozilla/5.0 (Macintosh; Intel Mac OS X 10_15_7) AppleWebKit/605.1.15 (KHTML, like Gecko) Version/18.6 Safari/605.1.15"
::1 - - [01/Sep/2025:12:11:07 +0000] "GET /api/admin/customers/stats HTTP/1.1" 304 - "http://localhost:3000/" "Mozilla/5.0 (Macintosh; Intel Mac OS X 10_15_7) AppleWebKit/605.1.15 (KHTML, like Gecko) Version/18.6 Safari/605.1.15"
::1 - - [01/Sep/2025:12:11:09 +0000] "GET /api/admin/orders?page=1&limit=10 HTTP/1.1" 304 - "http://localhost:3000/" "Mozilla/5.0 (Macintosh; Intel Mac OS X 10_15_7) AppleWebKit/605.1.15 (KHTML, like Gecko) Version/18.6 Safari/605.1.15"
::1 - - [01/Sep/2025:12:11:09 +0000] "GET /api/admin/orders?page=1&limit=10 HTTP/1.1" 304 - "http://localhost:3000/" "Mozilla/5.0 (Macintosh; Intel Mac OS X 10_15_7) AppleWebKit/605.1.15 (KHTML, like Gecko) Version/18.6 Safari/605.1.15"
::1 - - [01/Sep/2025:12:11:10 +0000] "GET /api/admin/dashboard?period=30 HTTP/1.1" 304 - "http://localhost:3000/" "Mozilla/5.0 (Macintosh; Intel Mac OS X 10_15_7) AppleWebKit/605.1.15 (KHTML, like Gecko) Version/18.6 Safari/605.1.15"
::1 - - [01/Sep/2025:12:11:19 +0000] "GET /api/products?featured=true&limit=4 HTTP/1.1" 304 - "http://localhost:3000/" "Mozilla/5.0 (Macintosh; Intel Mac OS X 10_15_7) AppleWebKit/605.1.15 (KHTML, like Gecko) Version/18.6 Safari/605.1.15"
::1 - - [01/Sep/2025:12:11:19 +0000] "GET /api/products?featured=true&limit=4 HTTP/1.1" 304 - "http://localhost:3000/" "Mozilla/5.0 (Macintosh; Intel Mac OS X 10_15_7) AppleWebKit/605.1.15 (KHTML, like Gecko) Version/18.6 Safari/605.1.15"
::1 - - [01/Sep/2025:12:11:19 +0000] "GET /uploads/products/product-1756487605339-29195034.png HTTP/1.1" 304 - "http://localhost:3000/" "Mozilla/5.0 (Macintosh; Intel Mac OS X 10_15_7) AppleWebKit/605.1.15 (KHTML, like Gecko) Version/18.6 Safari/605.1.15"
::1 - - [01/Sep/2025:12:11:19 +0000] "GET /uploads/products/product-1756486693974-414862012.png HTTP/1.1" 304 - "http://localhost:3000/" "Mozilla/5.0 (Macintosh; Intel Mac OS X 10_15_7) AppleWebKit/605.1.15 (KHTML, like Gecko) Version/18.6 Safari/605.1.15"
::1 - - [01/Sep/2025:12:11:44 +0000] "GET /api/auth/me HTTP/1.1" 304 - "http://localhost:3000/" "Mozilla/5.0 (Macintosh; Intel Mac OS X 10_15_7) AppleWebKit/537.36 (KHTML, like Gecko) Chrome/138.0.0.0 Safari/537.36"
::1 - - [01/Sep/2025:12:11:44 +0000] "GET /api/auth/me HTTP/1.1" 304 - "http://localhost:3000/" "Mozilla/5.0 (Macintosh; Intel Mac OS X 10_15_7) AppleWebKit/537.36 (KHTML, like Gecko) Chrome/138.0.0.0 Safari/537.36"
::1 - - [01/Sep/2025:12:11:44 +0000] "GET /api/products?featured=true&limit=4 HTTP/1.1" 304 - "http://localhost:3000/" "Mozilla/5.0 (Macintosh; Intel Mac OS X 10_15_7) AppleWebKit/537.36 (KHTML, like Gecko) Chrome/138.0.0.0 Safari/537.36"
::1 - - [01/Sep/2025:12:11:45 +0000] "GET /api/products?featured=true&limit=4 HTTP/1.1" 304 - "http://localhost:3000/" "Mozilla/5.0 (Macintosh; Intel Mac OS X 10_15_7) AppleWebKit/537.36 (KHTML, like Gecko) Chrome/138.0.0.0 Safari/537.36"
::1 - - [01/Sep/2025:12:11:45 +0000] "GET /uploads/products/product-1756487605339-29195034.png HTTP/1.1" 200 265055 "http://localhost:3000/" "Mozilla/5.0 (Macintosh; Intel Mac OS X 10_15_7) AppleWebKit/537.36 (KHTML, like Gecko) Chrome/138.0.0.0 Safari/537.36"
::1 - - [01/Sep/2025:12:11:45 +0000] "GET /uploads/products/product-1756486693974-414862012.png HTTP/1.1" 200 265055 "http://localhost:3000/" "Mozilla/5.0 (Macintosh; Intel Mac OS X 10_15_7) AppleWebKit/537.36 (KHTML, like Gecko) Chrome/138.0.0.0 Safari/537.36"
::1 - - [01/Sep/2025:12:14:45 +0000] "POST /api/orders HTTP/1.1" 400 103 "http://localhost:3000/" "Mozilla/5.0 (Macintosh; Intel Mac OS X 10_15_7) AppleWebKit/605.1.15 (KHTML, like Gecko) Version/18.6 Safari/605.1.15"
::1 - - [01/Sep/2025:12:15:22 +0000] "POST /api/orders HTTP/1.1" 400 103 "http://localhost:3000/" "Mozilla/5.0 (Macintosh; Intel Mac OS X 10_15_7) AppleWebKit/605.1.15 (KHTML, like Gecko) Version/18.6 Safari/605.1.15"
::1 - - [01/Sep/2025:12:16:18 +0000] "POST /api/orders HTTP/1.1" 400 103 "http://localhost:3000/" "Mozilla/5.0 (Macintosh; Intel Mac OS X 10_15_7) AppleWebKit/605.1.15 (KHTML, like Gecko) Version/18.6 Safari/605.1.15"
::1 - - [01/Sep/2025:12:16:26 +0000] "GET /api/products?featured=true&limit=4 HTTP/1.1" 304 - "http://localhost:3000/" "Mozilla/5.0 (Macintosh; Intel Mac OS X 10_15_7) AppleWebKit/605.1.15 (KHTML, like Gecko) Version/18.6 Safari/605.1.15"
::1 - - [01/Sep/2025:12:16:26 +0000] "GET /uploads/products/product-1756486693974-414862012.png HTTP/1.1" 304 - "http://localhost:3000/" "Mozilla/5.0 (Macintosh; Intel Mac OS X 10_15_7) AppleWebKit/605.1.15 (KHTML, like Gecko) Version/18.6 Safari/605.1.15"
::1 - - [01/Sep/2025:12:16:26 +0000] "GET /uploads/products/product-1756487605339-29195034.png HTTP/1.1" 304 - "http://localhost:3000/" "Mozilla/5.0 (Macintosh; Intel Mac OS X 10_15_7) AppleWebKit/605.1.15 (KHTML, like Gecko) Version/18.6 Safari/605.1.15"
::1 - - [01/Sep/2025:13:33:40 +0000] "GET /uploads/products/product-1756487605339-29195034.png HTTP/1.1" 304 - "http://localhost:3000/" "Mozilla/5.0 (Macintosh; Intel Mac OS X 10_15_7) AppleWebKit/605.1.15 (KHTML, like Gecko) Version/18.6 Safari/605.1.15"
::1 - - [01/Sep/2025:13:33:40 +0000] "GET /uploads/products/product-1756486693974-414862012.png HTTP/1.1" 304 - "http://localhost:3000/" "Mozilla/5.0 (Macintosh; Intel Mac OS X 10_15_7) AppleWebKit/605.1.15 (KHTML, like Gecko) Version/18.6 Safari/605.1.15"
::1 - - [01/Sep/2025:13:33:40 +0000] "GET /api/auth/me HTTP/1.1" 304 - "http://localhost:3000/" "Mozilla/5.0 (Macintosh; Intel Mac OS X 10_15_7) AppleWebKit/605.1.15 (KHTML, like Gecko) Version/18.6 Safari/605.1.15"
::1 - - [01/Sep/2025:13:33:40 +0000] "GET /api/products?featured=true&limit=4 HTTP/1.1" 304 - "http://localhost:3000/" "Mozilla/5.0 (Macintosh; Intel Mac OS X 10_15_7) AppleWebKit/605.1.15 (KHTML, like Gecko) Version/18.6 Safari/605.1.15"
::1 - - [01/Sep/2025:13:33:44 +0000] "GET /api/admin/dashboard?period=30 HTTP/1.1" 304 - "http://localhost:3000/" "Mozilla/5.0 (Macintosh; Intel Mac OS X 10_15_7) AppleWebKit/605.1.15 (KHTML, like Gecko) Version/18.6 Safari/605.1.15"
::1 - - [01/Sep/2025:13:33:46 +0000] "GET /api/admin/products?page=1&limit=12&search=&sortBy=name&sortOrder=asc HTTP/1.1" 304 - "http://localhost:3000/" "Mozilla/5.0 (Macintosh; Intel Mac OS X 10_15_7) AppleWebKit/605.1.15 (KHTML, like Gecko) Version/18.6 Safari/605.1.15"
::1 - - [01/Sep/2025:13:34:02 +0000] "GET /api/admin/dashboard?period=30 HTTP/1.1" 304 - "http://localhost:3000/" "Mozilla/5.0 (Macintosh; Intel Mac OS X 10_15_7) AppleWebKit/605.1.15 (KHTML, like Gecko) Version/18.6 Safari/605.1.15"
::1 - - [01/Sep/2025:13:34:06 +0000] "GET /api/admin/products?page=1&limit=12&search=&sortBy=name&sortOrder=asc HTTP/1.1" 304 - "http://localhost:3000/" "Mozilla/5.0 (Macintosh; Intel Mac OS X 10_15_7) AppleWebKit/605.1.15 (KHTML, like Gecko) Version/18.6 Safari/605.1.15"
::1 - - [01/Sep/2025:13:34:06 +0000] "GET /api/admin/products?page=1&limit=12&search=&sortBy=name&sortOrder=asc HTTP/1.1" 304 - "http://localhost:3000/" "Mozilla/5.0 (Macintosh; Intel Mac OS X 10_15_7) AppleWebKit/605.1.15 (KHTML, like Gecko) Version/18.6 Safari/605.1.15"
::1 - - [01/Sep/2025:13:34:09 +0000] "GET /api/admin/products?page=1&limit=12&search= HTTP/1.1" 304 - "http://localhost:3000/" "Mozilla/5.0 (Macintosh; Intel Mac OS X 10_15_7) AppleWebKit/605.1.15 (KHTML, like Gecko) Version/18.6 Safari/605.1.15"
::1 - - [01/Sep/2025:13:34:10 +0000] "GET /api/admin/orders?page=1&limit=10&search= HTTP/1.1" 304 - "http://localhost:3000/" "Mozilla/5.0 (Macintosh; Intel Mac OS X 10_15_7) AppleWebKit/605.1.15 (KHTML, like Gecko) Version/18.6 Safari/605.1.15"
::1 - - [01/Sep/2025:13:34:15 +0000] "GET /api/admin/dashboard?period=30 HTTP/1.1" 304 - "http://localhost:3000/" "Mozilla/5.0 (Macintosh; Intel Mac OS X 10_15_7) AppleWebKit/605.1.15 (KHTML, like Gecko) Version/18.6 Safari/605.1.15"
::1 - - [01/Sep/2025:13:34:15 +0000] "GET /api/admin/dashboard?period=30 HTTP/1.1" 304 - "http://localhost:3000/" "Mozilla/5.0 (Macintosh; Intel Mac OS X 10_15_7) AppleWebKit/605.1.15 (KHTML, like Gecko) Version/18.6 Safari/605.1.15"
::1 - - [01/Sep/2025:13:34:15 +0000] "GET /api/admin/products?page=1&limit=12&search= HTTP/1.1" 304 - "http://localhost:3000/" "Mozilla/5.0 (Macintosh; Intel Mac OS X 10_15_7) AppleWebKit/605.1.15 (KHTML, like Gecko) Version/18.6 Safari/605.1.15"
::1 - - [01/Sep/2025:13:34:15 +0000] "GET /api/admin/products?page=1&limit=12&search= HTTP/1.1" 304 - "http://localhost:3000/" "Mozilla/5.0 (Macintosh; Intel Mac OS X 10_15_7) AppleWebKit/605.1.15 (KHTML, like Gecko) Version/18.6 Safari/605.1.15"
::1 - - [01/Sep/2025:13:34:18 +0000] "GET /api/products?featured=true&limit=4 HTTP/1.1" 304 - "http://localhost:3000/" "Mozilla/5.0 (Macintosh; Intel Mac OS X 10_15_7) AppleWebKit/605.1.15 (KHTML, like Gecko) Version/18.6 Safari/605.1.15"
::1 - - [01/Sep/2025:13:34:18 +0000] "GET /api/products?featured=true&limit=4 HTTP/1.1" 304 - "http://localhost:3000/" "Mozilla/5.0 (Macintosh; Intel Mac OS X 10_15_7) AppleWebKit/605.1.15 (KHTML, like Gecko) Version/18.6 Safari/605.1.15"
::1 - - [01/Sep/2025:13:34:18 +0000] "GET /uploads/products/product-1756487605339-29195034.png HTTP/1.1" 304 - "http://localhost:3000/" "Mozilla/5.0 (Macintosh; Intel Mac OS X 10_15_7) AppleWebKit/605.1.15 (KHTML, like Gecko) Version/18.6 Safari/605.1.15"
::1 - - [01/Sep/2025:13:34:18 +0000] "GET /uploads/products/product-1756486693974-414862012.png HTTP/1.1" 304 - "http://localhost:3000/" "Mozilla/5.0 (Macintosh; Intel Mac OS X 10_15_7) AppleWebKit/605.1.15 (KHTML, like Gecko) Version/18.6 Safari/605.1.15"
::1 - - [01/Sep/2025:13:34:21 +0000] "GET /api/products?sortBy=newest&page=1&limit=12 HTTP/1.1" 304 - "http://localhost:3000/" "Mozilla/5.0 (Macintosh; Intel Mac OS X 10_15_7) AppleWebKit/605.1.15 (KHTML, like Gecko) Version/18.6 Safari/605.1.15"
::1 - - [01/Sep/2025:13:34:33 +0000] "GET /api/admin/dashboard?period=30 HTTP/1.1" 304 - "http://localhost:3000/" "Mozilla/5.0 (Macintosh; Intel Mac OS X 10_15_7) AppleWebKit/605.1.15 (KHTML, like Gecko) Version/18.6 Safari/605.1.15"
::1 - - [01/Sep/2025:13:34:33 +0000] "GET /api/admin/dashboard?period=30 HTTP/1.1" 304 - "http://localhost:3000/" "Mozilla/5.0 (Macintosh; Intel Mac OS X 10_15_7) AppleWebKit/605.1.15 (KHTML, like Gecko) Version/18.6 Safari/605.1.15"
::1 - - [01/Sep/2025:13:34:44 +0000] "GET /api/products?featured=true&limit=4 HTTP/1.1" 304 - "http://localhost:3000/" "Mozilla/5.0 (Macintosh; Intel Mac OS X 10_15_7) AppleWebKit/605.1.15 (KHTML, like Gecko) Version/18.6 Safari/605.1.15"
::1 - - [01/Sep/2025:13:34:44 +0000] "GET /api/products?featured=true&limit=4 HTTP/1.1" 304 - "http://localhost:3000/" "Mozilla/5.0 (Macintosh; Intel Mac OS X 10_15_7) AppleWebKit/605.1.15 (KHTML, like Gecko) Version/18.6 Safari/605.1.15"
::1 - - [01/Sep/2025:13:34:44 +0000] "GET /uploads/products/product-1756486693974-414862012.png HTTP/1.1" 304 - "http://localhost:3000/" "Mozilla/5.0 (Macintosh; Intel Mac OS X 10_15_7) AppleWebKit/605.1.15 (KHTML, like Gecko) Version/18.6 Safari/605.1.15"
::1 - - [01/Sep/2025:13:34:44 +0000] "GET /uploads/products/product-1756487605339-29195034.png HTTP/1.1" 304 - "http://localhost:3000/" "Mozilla/5.0 (Macintosh; Intel Mac OS X 10_15_7) AppleWebKit/605.1.15 (KHTML, like Gecko) Version/18.6 Safari/605.1.15"
::1 - - [01/Sep/2025:13:37:51 +0000] "GET /api/admin/dashboard?period=30 HTTP/1.1" 304 - "http://localhost:3000/" "Mozilla/5.0 (Macintosh; Intel Mac OS X 10_15_7) AppleWebKit/605.1.15 (KHTML, like Gecko) Version/18.6 Safari/605.1.15"
::1 - - [01/Sep/2025:13:37:51 +0000] "GET /api/admin/dashboard?period=30 HTTP/1.1" 304 - "http://localhost:3000/" "Mozilla/5.0 (Macintosh; Intel Mac OS X 10_15_7) AppleWebKit/605.1.15 (KHTML, like Gecko) Version/18.6 Safari/605.1.15"
::1 - - [01/Sep/2025:13:37:53 +0000] "GET /api/admin/products?page=1&limit=12&search=&sortBy=name&sortOrder=asc HTTP/1.1" 304 - "http://localhost:3000/" "Mozilla/5.0 (Macintosh; Intel Mac OS X 10_15_7) AppleWebKit/605.1.15 (KHTML, like Gecko) Version/18.6 Safari/605.1.15"
::1 - - [01/Sep/2025:13:37:53 +0000] "GET /api/admin/products?page=1&limit=12&search=&sortBy=name&sortOrder=asc HTTP/1.1" 304 - "http://localhost:3000/" "Mozilla/5.0 (Macintosh; Intel Mac OS X 10_15_7) AppleWebKit/605.1.15 (KHTML, like Gecko) Version/18.6 Safari/605.1.15"
::1 - - [01/Sep/2025:13:37:54 +0000] "GET /api/admin/orders?page=1&limit=10 HTTP/1.1" 304 - "http://localhost:3000/" "Mozilla/5.0 (Macintosh; Intel Mac OS X 10_15_7) AppleWebKit/605.1.15 (KHTML, like Gecko) Version/18.6 Safari/605.1.15"
::1 - - [01/Sep/2025:13:37:56 +0000] "GET /api/admin/products?page=1&limit=12&search= HTTP/1.1" 304 - "http://localhost:3000/" "Mozilla/5.0 (Macintosh; Intel Mac OS X 10_15_7) AppleWebKit/605.1.15 (KHTML, like Gecko) Version/18.6 Safari/605.1.15"
::1 - - [01/Sep/2025:13:37:56 +0000] "GET /api/admin/products?page=1&limit=12&search= HTTP/1.1" 304 - "http://localhost:3000/" "Mozilla/5.0 (Macintosh; Intel Mac OS X 10_15_7) AppleWebKit/605.1.15 (KHTML, like Gecko) Version/18.6 Safari/605.1.15"
::1 - - [01/Sep/2025:13:38:06 +0000] "GET /api/admin/orders?page=1&limit=10&search= HTTP/1.1" 304 - "http://localhost:3000/" "Mozilla/5.0 (Macintosh; Intel Mac OS X 10_15_7) AppleWebKit/605.1.15 (KHTML, like Gecko) Version/18.6 Safari/605.1.15"
::1 - - [01/Sep/2025:13:38:06 +0000] "GET /api/admin/orders?page=1&limit=10&search= HTTP/1.1" 304 - "http://localhost:3000/" "Mozilla/5.0 (Macintosh; Intel Mac OS X 10_15_7) AppleWebKit/605.1.15 (KHTML, like Gecko) Version/18.6 Safari/605.1.15"
::1 - - [01/Sep/2025:13:38:07 +0000] "GET /api/admin/products?page=1&limit=12&search= HTTP/1.1" 304 - "http://localhost:3000/" "Mozilla/5.0 (Macintosh; Intel Mac OS X 10_15_7) AppleWebKit/605.1.15 (KHTML, like Gecko) Version/18.6 Safari/605.1.15"
::1 - - [01/Sep/2025:13:38:07 +0000] "GET /api/admin/products?page=1&limit=12&search= HTTP/1.1" 304 - "http://localhost:3000/" "Mozilla/5.0 (Macintosh; Intel Mac OS X 10_15_7) AppleWebKit/605.1.15 (KHTML, like Gecko) Version/18.6 Safari/605.1.15"
::1 - - [01/Sep/2025:13:38:16 +0000] "GET /api/admin/dashboard?period=30 HTTP/1.1" 304 - "http://localhost:3000/" "Mozilla/5.0 (Macintosh; Intel Mac OS X 10_15_7) AppleWebKit/605.1.15 (KHTML, like Gecko) Version/18.6 Safari/605.1.15"
::1 - - [01/Sep/2025:13:38:16 +0000] "GET /api/admin/dashboard?period=30 HTTP/1.1" 304 - "http://localhost:3000/" "Mozilla/5.0 (Macintosh; Intel Mac OS X 10_15_7) AppleWebKit/605.1.15 (KHTML, like Gecko) Version/18.6 Safari/605.1.15"
::1 - - [01/Sep/2025:13:38:19 +0000] "GET /api/admin/products?page=1&limit=12&search= HTTP/1.1" 304 - "http://localhost:3000/" "Mozilla/5.0 (Macintosh; Intel Mac OS X 10_15_7) AppleWebKit/605.1.15 (KHTML, like Gecko) Version/18.6 Safari/605.1.15"
::1 - - [01/Sep/2025:13:38:19 +0000] "GET /api/admin/products?page=1&limit=12&search= HTTP/1.1" 304 - "http://localhost:3000/" "Mozilla/5.0 (Macintosh; Intel Mac OS X 10_15_7) AppleWebKit/605.1.15 (KHTML, like Gecko) Version/18.6 Safari/605.1.15"
::1 - - [01/Sep/2025:13:38:20 +0000] "GET /api/admin/orders?page=1&limit=10&search= HTTP/1.1" 304 - "http://localhost:3000/" "Mozilla/5.0 (Macintosh; Intel Mac OS X 10_15_7) AppleWebKit/605.1.15 (KHTML, like Gecko) Version/18.6 Safari/605.1.15"
::1 - - [01/Sep/2025:13:38:20 +0000] "GET /api/admin/orders?page=1&limit=10&search= HTTP/1.1" 304 - "http://localhost:3000/" "Mozilla/5.0 (Macintosh; Intel Mac OS X 10_15_7) AppleWebKit/605.1.15 (KHTML, like Gecko) Version/18.6 Safari/605.1.15"
::1 - - [01/Sep/2025:13:38:24 +0000] "GET /api/admin/dashboard?period=30 HTTP/1.1" 304 - "http://localhost:3000/" "Mozilla/5.0 (Macintosh; Intel Mac OS X 10_15_7) AppleWebKit/605.1.15 (KHTML, like Gecko) Version/18.6 Safari/605.1.15"
::1 - - [01/Sep/2025:13:38:24 +0000] "GET /api/admin/dashboard?period=30 HTTP/1.1" 304 - "http://localhost:3000/" "Mozilla/5.0 (Macintosh; Intel Mac OS X 10_15_7) AppleWebKit/605.1.15 (KHTML, like Gecko) Version/18.6 Safari/605.1.15"
::1 - - [01/Sep/2025:13:38:42 +0000] "GET /api/admin/products?page=1&limit=12&search=&sortBy=name&sortOrder=asc HTTP/1.1" 304 - "http://localhost:3000/" "Mozilla/5.0 (Macintosh; Intel Mac OS X 10_15_7) AppleWebKit/605.1.15 (KHTML, like Gecko) Version/18.6 Safari/605.1.15"
::1 - - [01/Sep/2025:13:38:42 +0000] "GET /api/admin/products?page=1&limit=12&search=&sortBy=name&sortOrder=asc HTTP/1.1" 304 - "http://localhost:3000/" "Mozilla/5.0 (Macintosh; Intel Mac OS X 10_15_7) AppleWebKit/605.1.15 (KHTML, like Gecko) Version/18.6 Safari/605.1.15"
::1 - - [01/Sep/2025:13:38:44 +0000] "GET /api/admin/orders?page=1&limit=10 HTTP/1.1" 304 - "http://localhost:3000/" "Mozilla/5.0 (Macintosh; Intel Mac OS X 10_15_7) AppleWebKit/605.1.15 (KHTML, like Gecko) Version/18.6 Safari/605.1.15"
::1 - - [01/Sep/2025:13:38:44 +0000] "GET /api/admin/orders?page=1&limit=10 HTTP/1.1" 304 - "http://localhost:3000/" "Mozilla/5.0 (Macintosh; Intel Mac OS X 10_15_7) AppleWebKit/605.1.15 (KHTML, like Gecko) Version/18.6 Safari/605.1.15"
::1 - - [01/Sep/2025:13:38:48 +0000] "GET /api/admin/customers/stats HTTP/1.1" 304 - "http://localhost:3000/" "Mozilla/5.0 (Macintosh; Intel Mac OS X 10_15_7) AppleWebKit/605.1.15 (KHTML, like Gecko) Version/18.6 Safari/605.1.15"
::1 - - [01/Sep/2025:13:38:48 +0000] "GET /api/admin/customers?page=1&limit=12&search=&sortBy=createdAt&sortOrder=desc HTTP/1.1" 304 - "http://localhost:3000/" "Mozilla/5.0 (Macintosh; Intel Mac OS X 10_15_7) AppleWebKit/605.1.15 (KHTML, like Gecko) Version/18.6 Safari/605.1.15"
::1 - - [01/Sep/2025:13:38:55 +0000] "GET /api/admin/orders?page=1&limit=10 HTTP/1.1" 304 - "http://localhost:3000/" "Mozilla/5.0 (Macintosh; Intel Mac OS X 10_15_7) AppleWebKit/605.1.15 (KHTML, like Gecko) Version/18.6 Safari/605.1.15"
::1 - - [01/Sep/2025:13:38:55 +0000] "GET /api/admin/orders?page=1&limit=10 HTTP/1.1" 304 - "http://localhost:3000/" "Mozilla/5.0 (Macintosh; Intel Mac OS X 10_15_7) AppleWebKit/605.1.15 (KHTML, like Gecko) Version/18.6 Safari/605.1.15"
::1 - - [01/Sep/2025:13:38:59 +0000] "PUT /api/admin/orders/68b11b5fe4bb22827b4c2396/status HTTP/1.1" 400 28 "http://localhost:3000/" "Mozilla/5.0 (Macintosh; Intel Mac OS X 10_15_7) AppleWebKit/605.1.15 (KHTML, like Gecko) Version/18.6 Safari/605.1.15"
::1 - - [01/Sep/2025:13:39:05 +0000] "PUT /api/admin/orders/68b11b5fe4bb22827b4c2396/status HTTP/1.1" 400 28 "http://localhost:3000/" "Mozilla/5.0 (Macintosh; Intel Mac OS X 10_15_7) AppleWebKit/605.1.15 (KHTML, like Gecko) Version/18.6 Safari/605.1.15"
::1 - - [01/Sep/2025:13:39:44 +0000] "GET /api/products?featured=true&limit=4 HTTP/1.1" 304 - "http://localhost:3000/" "Mozilla/5.0 (Macintosh; Intel Mac OS X 10_15_7) AppleWebKit/605.1.15 (KHTML, like Gecko) Version/18.6 Safari/605.1.15"
::1 - - [01/Sep/2025:13:39:44 +0000] "GET /uploads/products/product-1756486693974-414862012.png HTTP/1.1" 304 - "http://localhost:3000/" "Mozilla/5.0 (Macintosh; Intel Mac OS X 10_15_7) AppleWebKit/605.1.15 (KHTML, like Gecko) Version/18.6 Safari/605.1.15"
::1 - - [01/Sep/2025:13:39:44 +0000] "GET /uploads/products/product-1756487605339-29195034.png HTTP/1.1" 304 - "http://localhost:3000/" "Mozilla/5.0 (Macintosh; Intel Mac OS X 10_15_7) AppleWebKit/605.1.15 (KHTML, like Gecko) Version/18.6 Safari/605.1.15"
::1 - - [01/Sep/2025:13:40:20 +0000] "GET /api/admin/dashboard?period=30 HTTP/1.1" 304 - "http://localhost:3000/" "Mozilla/5.0 (Macintosh; Intel Mac OS X 10_15_7) AppleWebKit/605.1.15 (KHTML, like Gecko) Version/18.6 Safari/605.1.15"
::1 - - [01/Sep/2025:13:40:23 +0000] "GET /api/admin/products?page=1&limit=12&search= HTTP/1.1" 304 - "http://localhost:3000/" "Mozilla/5.0 (Macintosh; Intel Mac OS X 10_15_7) AppleWebKit/605.1.15 (KHTML, like Gecko) Version/18.6 Safari/605.1.15"
